#
# An unexpected error has been detected by HotSpot Virtual Machine:
#
#  SIGSEGV (0xb) at pc=0xb71000af, pid=30114, tid=3076445888
#
# Java VM: Java HotSpot(TM) Server VM (1.5.0_20-b02 mixed mode)
# Problematic frame:
# V  [libjvm.so+0x4f80af]
#

---------------  T H R E A D  ---------------

Current thread (0x09c870e0):  JavaThread  [_thread_in_vm, id=30114]

siginfo:si_signo=11, si_errno=0, si_code=1, si_addr=0x00000074

Registers:
EAX=0x09c9a520, EBX=0xb71d1810, ECX=0xffffffff, EDX=0x00000008
ESP=0xbfb02c4c, EBP=0xbfb02cf8, ESI=0x6f0fe858, EDI=0x09c870e0
EIP=0xb71000af, CR2=0x00000074, EFLAGS=0x00210202

Top of Stack: (sp=0xbfb02c4c)
0xbfb02c4c:   b6e4e115 09c9a520 b71d1810 bfb02cf8
0xbfb02c5c:   b6e4e097 09c86980 00000004 00000000
0xbfb02c6c:   09c8f578 00000000 09c8f578 bfb02cb8
0xbfb02c7c:   b7073181 09cb1640 0000013e 0094af67
0xbfb02c8c:   00000001 00000000 b71d1810 00000001
0xbfb02c9c:   b71d1810 6f0fe6f0 00000000 bfb02cc8
0xbfb02cac:   b70c5f94 6f0f4a20 bfb02d78 bfb02c74
0xbfb02cbc:   bfb02c98 00000001 00000008 00000000 

Instructions: (pc=0xb71000af)
0xb710009f:   00 55 89 e5 8b 45 08 5d 8b 10 8b 48 04 83 c2 08
0xb71000af:   8b 42 6c 83 c0 0c 8b 04 88 c3 8d b4 26 00 00 00 

Stack: [0xbf906000,0xbfb06000),  sp=0xbfb02c4c,  free space=2035k
Native frames: (J=compiled Java code, j=interpreted, Vv=VM code, C=native code)
V  [libjvm.so+0x4f80af]
V  [libjvm.so+0x2463a3]
V  [libjvm.so+0x26adb1]
V  [libjvm.so+0x4f8138]
V  [libjvm.so+0x420212]
V  [libjvm.so+0x449a58]
V  [libjvm.so+0x4f64e4]
V  [libjvm.so+0x4c264b]
V  [libjvm.so+0x4c2569]
V  [libjvm.so+0x4f5549]
V  [libjvm.so+0x4f6d5b]
V  [libjvm.so+0x244229]
V  [libjvm.so+0x4df38f]
V  [libjvm.so+0x2940ec]
C  [java+0x330c]
C  [java+0x15a4]  calloc+0x39c


---------------  P R O C E S S  ---------------

Java Threads: ( => current thread )

Other Threads:

VM state:not at safepoint (not fully initilizated)

VM Mutex/Monitor currently owned by a thread: None

Heap
 PSYoungGen      total 12544K, used 0K [0xabf30000, 0xacd20000, 0xb30f0000)
  eden space 10816K, 0% used [0xabf30000,0xabf30000,0xac9c0000)
  from space 1728K, 0% used [0xacb70000,0xacb70000,0xacd20000)
  to   space 1728K, 0% used [0xac9c0000,0xac9c0000,0xacb70000)
 PSOldGen        total 114624K, used 0K [0x730f0000, 0x7a0e0000, 0xabf30000)
  object space 114624K, 0% used [0x730f0000,0x730f0000,0x7a0e0000)
 PSPermGen       total 16384K, used 58K [0x6f0f0000, 0x700f0000, 0x730f0000)
  object space 16384K, 0% used [0x6f0f0000,0x6f0fe868,0x700f0000)

Dynamic libraries:
08048000-08057000 r-xp 00000000 08:01 28704803   /opt/jdk1.5.0_20/bin/java
08057000-08059000 rwxp 0000e000 08:01 28704803   /opt/jdk1.5.0_20/bin/java
09c83000-09ce5000 rwxp 00000000 00:00 0          [heap]
6e500000-6e521000 rwxp 00000000 00:00 0 
6e521000-6e600000 ---p 00000000 00:00 0 
6e67f000-6e680000 ---p 00000000 00:00 0 
6e680000-6e700000 rwxp 00000000 00:00 0          [stack:30122]
6e700000-6e721000 rwxp 00000000 00:00 0 
6e721000-6e800000 ---p 00000000 00:00 0 
6e87f000-6e880000 ---p 00000000 00:00 0 
6e880000-6e900000 rwxp 00000000 00:00 0          [stack:30121]
6e900000-6e921000 rwxp 00000000 00:00 0 
6e921000-6ea00000 ---p 00000000 00:00 0 
6ea7f000-6ea80000 ---p 00000000 00:00 0 
6ea80000-6eb00000 rwxp 00000000 00:00 0          [stack:30120]
6eb00000-6eb21000 rwxp 00000000 00:00 0 
6eb21000-6ec00000 ---p 00000000 00:00 0 
6ec66000-6ec67000 ---p 00000000 00:00 0 
6ec67000-6ecef000 rwxp 00000000 00:00 0          [stack:30119]
6ecef000-6ed07000 rwxp 00000000 00:00 0 
6ed07000-6ed3f000 rwxp 00000000 00:00 0 
6ed3f000-6eecf000 rwxp 00000000 00:00 0 
6eecf000-6eed7000 rwxp 00000000 00:00 0 
6eed7000-6eeef000 rwxp 00000000 00:00 0 
6eeef000-6ef27000 rwxp 00000000 00:00 0 
6ef27000-6f0b6000 rwxp 00000000 00:00 0 
6f0b6000-6f0be000 rwxp 00000000 00:00 0 
6f0be000-6f0ef000 rwxp 00000000 00:00 0 
6f0ef000-700f0000 rwxp 00000000 00:00 0 
700f0000-730f0000 rwxp 00000000 00:00 0 
730f0000-7a0e0000 rwxp 00000000 00:00 0 
7a0e0000-abf30000 rwxp 00000000 00:00 0 
abf30000-acd20000 rwxp 00000000 00:00 0 
acd20000-b30f0000 rwxp 00000000 00:00 0 
b30f3000-b30fc000 rwxp 00000000 00:00 0 
b30fc000-b31b3000 rwxp 00000000 00:00 0 
b31b3000-b33f3000 rwxp 00000000 00:00 0 
b33f3000-b61b3000 rwxp 00000000 00:00 0 
b61b3000-b61df000 rwxp 00000000 00:00 0 
b61df000-b6b57000 r-xs 00000000 08:01 5117615    /home/wagner/dev/ide/adt-bundle-linux-x86-20130729/sdk/platforms/android-10/android.jar
b6b57000-b6b66000 r-xp 00000000 08:01 28577443   /opt/jdk1.5.0_20/jre/lib/i386/libzip.so
b6b66000-b6b68000 rwxp 0000e000 08:01 28577443   /opt/jdk1.5.0_20/jre/lib/i386/libzip.so
b6b68000-b6b89000 r-xp 00000000 08:01 28577436   /opt/jdk1.5.0_20/jre/lib/i386/libjava.so
b6b89000-b6b8b000 rwxp 00020000 08:01 28577436   /opt/jdk1.5.0_20/jre/lib/i386/libjava.so
b6b8b000-b6b96000 r-xp 00000000 08:01 262258     /lib/i386-linux-gnu/libnss_files-2.15.so
b6b96000-b6b97000 r-xp 0000a000 08:01 262258     /lib/i386-linux-gnu/libnss_files-2.15.so
b6b97000-b6b98000 rwxp 0000b000 08:01 262258     /lib/i386-linux-gnu/libnss_files-2.15.so
b6b98000-b6ba2000 r-xp 00000000 08:01 266052     /lib/i386-linux-gnu/libnss_nis-2.15.so
b6ba2000-b6ba3000 r-xp 00009000 08:01 266052     /lib/i386-linux-gnu/libnss_nis-2.15.so
b6ba3000-b6ba4000 rwxp 0000a000 08:01 266052     /lib/i386-linux-gnu/libnss_nis-2.15.so
b6ba4000-b6bab000 r-xp 00000000 08:01 262261     /lib/i386-linux-gnu/libnss_compat-2.15.so
b6bab000-b6bac000 r-xp 00006000 08:01 262261     /lib/i386-linux-gnu/libnss_compat-2.15.so
b6bac000-b6bad000 rwxp 00007000 08:01 262261     /lib/i386-linux-gnu/libnss_compat-2.15.so
b6bad000-b6bc3000 r-xp 00000000 08:01 262157     /lib/i386-linux-gnu/libnsl-2.15.so
b6bc3000-b6bc4000 r-xp 00015000 08:01 262157     /lib/i386-linux-gnu/libnsl-2.15.so
b6bc4000-b6bc5000 rwxp 00016000 08:01 262157     /lib/i386-linux-gnu/libnsl-2.15.so
b6bc5000-b6bc7000 rwxp 00000000 00:00 0 
b6bd0000-b6bdb000 r-xp 00000000 08:01 28577463   /opt/jdk1.5.0_20/jre/lib/i386/libverify.so
b6bdb000-b6bdc000 rwxp 0000b000 08:01 28577463   /opt/jdk1.5.0_20/jre/lib/i386/libverify.so
b6bdc000-b6c06000 r-xp 00000000 08:01 262260     /lib/i386-linux-gnu/libm-2.15.so
b6c06000-b6c07000 r-xp 00029000 08:01 262260     /lib/i386-linux-gnu/libm-2.15.so
b6c07000-b6c08000 rwxp 0002a000 08:01 262260     /lib/i386-linux-gnu/libm-2.15.so
b6c08000-b7172000 r-xp 00000000 08:01 28577447   /opt/jdk1.5.0_20/jre/lib/i386/server/libjvm.so
b7172000-b71d5000 rwxp 00569000 08:01 28577447   /opt/jdk1.5.0_20/jre/lib/i386/server/libjvm.so
b71d5000-b75ee000 rwxp 00000000 00:00 0 
b75ee000-b7791000 r-xp 00000000 08:01 262246     /lib/i386-linux-gnu/libc-2.15.so
b7791000-b7792000 ---p 001a3000 08:01 262246     /lib/i386-linux-gnu/libc-2.15.so
b7792000-b7794000 r-xp 001a3000 08:01 262246     /lib/i386-linux-gnu/libc-2.15.so
b7794000-b7795000 rwxp 001a5000 08:01 262246     /lib/i386-linux-gnu/libc-2.15.so
b7795000-b7798000 rwxp 00000000 00:00 0 
b7798000-b779b000 r-xp 00000000 08:01 262252     /lib/i386-linux-gnu/libdl-2.15.so
b779b000-b779c000 r-xp 00002000 08:01 262252     /lib/i386-linux-gnu/libdl-2.15.so
b779c000-b779d000 rwxp 00003000 08:01 262252     /lib/i386-linux-gnu/libdl-2.15.so
b779d000-b779e000 rwxp 00000000 00:00 0 
b779e000-b77b5000 r-xp 00000000 08:01 262259     /lib/i386-linux-gnu/libpthread-2.15.so
b77b5000-b77b6000 r-xp 00016000 08:01 262259     /lib/i386-linux-gnu/libpthread-2.15.so
b77b6000-b77b7000 rwxp 00017000 08:01 262259     /lib/i386-linux-gnu/libpthread-2.15.so
b77b7000-b77b9000 rwxp 00000000 00:00 0 
b77bd000-b77c5000 rwxs 00000000 08:01 7340147    /tmp/hsperfdata_root/30114
b77c5000-b77cb000 r-xp 00000000 08:01 28577455   /opt/jdk1.5.0_20/jre/lib/i386/native_threads/libhpi.so
b77cb000-b77cc000 rwxp 00006000 08:01 28577455   /opt/jdk1.5.0_20/jre/lib/i386/native_threads/libhpi.so
b77cc000-b77cd000 rwxp 00000000 00:00 0 
b77cd000-b77ce000 r-xp 00000000 00:00 0 
b77ce000-b77d0000 rwxp 00000000 00:00 0 
b77d0000-b77d1000 r-xp 00000000 00:00 0          [vdso]
b77d1000-b77f1000 r-xp 00000000 08:01 265948     /lib/i386-linux-gnu/ld-2.15.so
b77f1000-b77f2000 r-xp 0001f000 08:01 265948     /lib/i386-linux-gnu/ld-2.15.so
b77f2000-b77f3000 rwxp 00020000 08:01 265948     /lib/i386-linux-gnu/ld-2.15.so
bf906000-bf909000 ---p 00000000 00:00 0 
bf90a000-bfb06000 rwxp 00000000 00:00 0          [stack]

VM Arguments:
jvm_args: -Dfile.encoding=ISO-8859-1 -Xbootclasspath:/home/wagner/dev/ide/adt-bundle-linux-x86-20130729/sdk/platforms/android-10/android.jar
java_command: br.com.wjaa.smstransfer.js.service.JsBuilder
Launcher Type: SUN_STANDARD

Environment Variables:
JAVA_HOME=/opt/jdk1.7.0_25
PATH=/opt/apache-ant-1.8.4/bin:/opt/apache-maven/apache-maven-3.0.4/bin:/opt/jdk1.7.0_25/bin:/usr/lib/lightdm/lightdm:/usr/local/sbin:/usr/local/bin:/usr/sbin:/usr/bin:/sbin:/bin:/usr/games:/usr/local/games
USERNAME=root
LD_LIBRARY_PATH=/opt/jdk1.5.0_20/jre/lib/i386/server:/opt/jdk1.5.0_20/jre/lib/i386:/opt/jdk1.5.0_20/jre/../lib/i386:/opt/jdk1.7.0_25/jre/lib/i386/client:/opt/jdk1.7.0_25/jre/lib/i386:
SHELL=/bin/bash
DISPLAY=:0.0

Signal Handlers:
SIGSEGV: [libjvm.so+0x517270], sa_mask[0]=0x7ffbfeff, sa_flags=0x10000004
SIGBUS: [libjvm.so+0x517270], sa_mask[0]=0x7ffbfeff, sa_flags=0x10000004
SIGFPE: [libjvm.so+0x43a0a0], sa_mask[0]=0x7ffbfeff, sa_flags=0x10000004
SIGPIPE: [libjvm.so+0x43a0a0], sa_mask[0]=0x7ffbfeff, sa_flags=0x10000004
SIGILL: [libjvm.so+0x43a0a0], sa_mask[0]=0x7ffbfeff, sa_flags=0x10000004
SIGUSR1: SIG_DFL, sa_mask[0]=0x00000000, sa_flags=0x00000000
SIGUSR2: [libjvm.so+0x43c4f0], sa_mask[0]=0x00000004, sa_flags=0x10000004
SIGHUP: SIG_DFL, sa_mask[0]=0x00000000, sa_flags=0x00000000
SIGINT: SIG_DFL, sa_mask[0]=0x00000000, sa_flags=0x00000000
SIGQUIT: SIG_DFL, sa_mask[0]=0x00000000, sa_flags=0x00000000
SIGTERM: SIG_DFL, sa_mask[0]=0x00000000, sa_flags=0x00000000


---------------  S Y S T E M  ---------------

OS:wheezy/sid

uname:Linux 3.5.0-39-generic #60-Ubuntu SMP Tue Aug 13 18:35:04 UTC 2013 i686
libc:glibc 2.15 NPTL 2.15 
rlimit: STACK 8192k, CORE 0k, NPROC 64294, NOFILE 4096, AS infinity
load average:0.31 0.54 0.55

CPU:total 4 (cores per cpu 8, threads per core 2) family 6 model 10 stepping 7, cmov, cx8, fxsr, mmx, sse, sse2, ht

Memory: 4k page, physical 8245336k(231388k free), swap 2036k(1960k free)

vm_info: Java HotSpot(TM) Server VM (1.5.0_20-b02) for linux-x86, built on Jun 18 2009 12:08:29 by java_re with gcc 3.2.1-7a (J2SE release)

time: Wed Aug 28 16:14:00 2013
elapsed time: 0 seconds

