#
# An unexpected error has been detected by HotSpot Virtual Machine:
#
#  SIGSEGV (0xb) at pc=0xb70640af, pid=30085, tid=3075806912
#
# Java VM: Java HotSpot(TM) Server VM (1.5.0_20-b02 mixed mode)
# Problematic frame:
# V  [libjvm.so+0x4f80af]
#

---------------  T H R E A D  ---------------

Current thread (0x092710e0):  JavaThread  [_thread_in_vm, id=30085]

siginfo:si_signo=11, si_errno=0, si_code=1, si_addr=0x00000074

Registers:
EAX=0x09284520, EBX=0xb7135810, ECX=0xffffffff, EDX=0x00000008
ESP=0xbff9371c, EBP=0xbff937c8, ESI=0x6f05e858, EDI=0x092710e0
EIP=0xb70640af, CR2=0x00000074, EFLAGS=0x00210202

Top of Stack: (sp=0xbff9371c)
0xbff9371c:   b6db2115 09284520 b7135810 bff937c8
0xbff9372c:   b6db2097 09270980 00000004 00000000
0xbff9373c:   09279578 00000000 09279578 bff93788
0xbff9374c:   b6fd7181 0929b640 0000013e 0094af67
0xbff9375c:   00000001 00000000 b7135810 00000001
0xbff9376c:   b7135810 6f05e6f0 00000000 bff93798
0xbff9377c:   b7029f94 6f054a20 bff93848 bff93744
0xbff9378c:   bff93768 00000001 00000008 00000000 

Instructions: (pc=0xb70640af)
0xb706409f:   00 55 89 e5 8b 45 08 5d 8b 10 8b 48 04 83 c2 08
0xb70640af:   8b 42 6c 83 c0 0c 8b 04 88 c3 8d b4 26 00 00 00 

Stack: [0xbfd98000,0xbff98000),  sp=0xbff9371c,  free space=2029k
Native frames: (J=compiled Java code, j=interpreted, Vv=VM code, C=native code)
V  [libjvm.so+0x4f80af]
V  [libjvm.so+0x2463a3]
V  [libjvm.so+0x26adb1]
V  [libjvm.so+0x4f8138]
V  [libjvm.so+0x420212]
V  [libjvm.so+0x449a58]
V  [libjvm.so+0x4f64e4]
V  [libjvm.so+0x4c264b]
V  [libjvm.so+0x4c2569]
V  [libjvm.so+0x4f5549]
V  [libjvm.so+0x4f6d5b]
V  [libjvm.so+0x244229]
V  [libjvm.so+0x4df38f]
V  [libjvm.so+0x2940ec]
C  [java+0x330c]
C  [java+0x15a4]  calloc+0x39c


---------------  P R O C E S S  ---------------

Java Threads: ( => current thread )

Other Threads:

VM state:not at safepoint (not fully initilizated)

VM Mutex/Monitor currently owned by a thread: None

Heap
 PSYoungGen      total 12544K, used 0K [0xabe90000, 0xacc80000, 0xb3050000)
  eden space 10816K, 0% used [0xabe90000,0xabe90000,0xac920000)
  from space 1728K, 0% used [0xacad0000,0xacad0000,0xacc80000)
  to   space 1728K, 0% used [0xac920000,0xac920000,0xacad0000)
 PSOldGen        total 114624K, used 0K [0x73050000, 0x7a040000, 0xabe90000)
  object space 114624K, 0% used [0x73050000,0x73050000,0x7a040000)
 PSPermGen       total 16384K, used 58K [0x6f050000, 0x70050000, 0x73050000)
  object space 16384K, 0% used [0x6f050000,0x6f05e868,0x70050000)

Dynamic libraries:
08048000-08057000 r-xp 00000000 08:01 28704803   /opt/jdk1.5.0_20/bin/java
08057000-08059000 rwxp 0000e000 08:01 28704803   /opt/jdk1.5.0_20/bin/java
0926d000-092cf000 rwxp 00000000 00:00 0          [heap]
6e500000-6e521000 rwxp 00000000 00:00 0 
6e521000-6e600000 ---p 00000000 00:00 0 
6e67f000-6e680000 ---p 00000000 00:00 0 
6e680000-6e700000 rwxp 00000000 00:00 0          [stack:30094]
6e700000-6e721000 rwxp 00000000 00:00 0 
6e721000-6e800000 ---p 00000000 00:00 0 
6e800000-6e821000 rwxp 00000000 00:00 0 
6e821000-6e900000 ---p 00000000 00:00 0 
6e97f000-6e980000 ---p 00000000 00:00 0 
6e980000-6ea00000 rwxp 00000000 00:00 0          [stack:30093]
6ea00000-6ea21000 rwxp 00000000 00:00 0 
6ea21000-6eb00000 ---p 00000000 00:00 0 
6eb45000-6eb46000 ---p 00000000 00:00 0 
6eb46000-6ebc6000 rwxp 00000000 00:00 0          [stack:30092]
6ebc6000-6ebc7000 ---p 00000000 00:00 0 
6ebc7000-6ec4f000 rwxp 00000000 00:00 0          [stack:30091]
6ec4f000-6ec67000 rwxp 00000000 00:00 0 
6ec67000-6ec9f000 rwxp 00000000 00:00 0 
6ec9f000-6ee2f000 rwxp 00000000 00:00 0 
6ee2f000-6ee37000 rwxp 00000000 00:00 0 
6ee37000-6ee4f000 rwxp 00000000 00:00 0 
6ee4f000-6ee87000 rwxp 00000000 00:00 0 
6ee87000-6f016000 rwxp 00000000 00:00 0 
6f016000-6f01e000 rwxp 00000000 00:00 0 
6f01e000-6f04f000 rwxp 00000000 00:00 0 
6f04f000-70050000 rwxp 00000000 00:00 0 
70050000-73050000 rwxp 00000000 00:00 0 
73050000-7a040000 rwxp 00000000 00:00 0 
7a040000-abe90000 rwxp 00000000 00:00 0 
abe90000-acc80000 rwxp 00000000 00:00 0 
acc80000-b3050000 rwxp 00000000 00:00 0 
b3057000-b3060000 rwxp 00000000 00:00 0 
b3060000-b3117000 rwxp 00000000 00:00 0 
b3117000-b3357000 rwxp 00000000 00:00 0 
b3357000-b6117000 rwxp 00000000 00:00 0 
b6117000-b6143000 rwxp 00000000 00:00 0 
b6143000-b6abb000 r-xs 00000000 08:01 5117615    /home/wagner/dev/ide/adt-bundle-linux-x86-20130729/sdk/platforms/android-10/android.jar
b6abb000-b6aca000 r-xp 00000000 08:01 28577443   /opt/jdk1.5.0_20/jre/lib/i386/libzip.so
b6aca000-b6acc000 rwxp 0000e000 08:01 28577443   /opt/jdk1.5.0_20/jre/lib/i386/libzip.so
b6acc000-b6aed000 r-xp 00000000 08:01 28577436   /opt/jdk1.5.0_20/jre/lib/i386/libjava.so
b6aed000-b6aef000 rwxp 00020000 08:01 28577436   /opt/jdk1.5.0_20/jre/lib/i386/libjava.so
b6aef000-b6afa000 r-xp 00000000 08:01 262258     /lib/i386-linux-gnu/libnss_files-2.15.so
b6afa000-b6afb000 r-xp 0000a000 08:01 262258     /lib/i386-linux-gnu/libnss_files-2.15.so
b6afb000-b6afc000 rwxp 0000b000 08:01 262258     /lib/i386-linux-gnu/libnss_files-2.15.so
b6afc000-b6b06000 r-xp 00000000 08:01 266052     /lib/i386-linux-gnu/libnss_nis-2.15.so
b6b06000-b6b07000 r-xp 00009000 08:01 266052     /lib/i386-linux-gnu/libnss_nis-2.15.so
b6b07000-b6b08000 rwxp 0000a000 08:01 266052     /lib/i386-linux-gnu/libnss_nis-2.15.so
b6b08000-b6b0f000 r-xp 00000000 08:01 262261     /lib/i386-linux-gnu/libnss_compat-2.15.so
b6b0f000-b6b10000 r-xp 00006000 08:01 262261     /lib/i386-linux-gnu/libnss_compat-2.15.so
b6b10000-b6b11000 rwxp 00007000 08:01 262261     /lib/i386-linux-gnu/libnss_compat-2.15.so
b6b11000-b6b27000 r-xp 00000000 08:01 262157     /lib/i386-linux-gnu/libnsl-2.15.so
b6b27000-b6b28000 r-xp 00015000 08:01 262157     /lib/i386-linux-gnu/libnsl-2.15.so
b6b28000-b6b29000 rwxp 00016000 08:01 262157     /lib/i386-linux-gnu/libnsl-2.15.so
b6b29000-b6b2b000 rwxp 00000000 00:00 0 
b6b34000-b6b3f000 r-xp 00000000 08:01 28577463   /opt/jdk1.5.0_20/jre/lib/i386/libverify.so
b6b3f000-b6b40000 rwxp 0000b000 08:01 28577463   /opt/jdk1.5.0_20/jre/lib/i386/libverify.so
b6b40000-b6b6a000 r-xp 00000000 08:01 262260     /lib/i386-linux-gnu/libm-2.15.so
b6b6a000-b6b6b000 r-xp 00029000 08:01 262260     /lib/i386-linux-gnu/libm-2.15.so
b6b6b000-b6b6c000 rwxp 0002a000 08:01 262260     /lib/i386-linux-gnu/libm-2.15.so
b6b6c000-b70d6000 r-xp 00000000 08:01 28577447   /opt/jdk1.5.0_20/jre/lib/i386/server/libjvm.so
b70d6000-b7139000 rwxp 00569000 08:01 28577447   /opt/jdk1.5.0_20/jre/lib/i386/server/libjvm.so
b7139000-b7552000 rwxp 00000000 00:00 0 
b7552000-b76f5000 r-xp 00000000 08:01 262246     /lib/i386-linux-gnu/libc-2.15.so
b76f5000-b76f6000 ---p 001a3000 08:01 262246     /lib/i386-linux-gnu/libc-2.15.so
b76f6000-b76f8000 r-xp 001a3000 08:01 262246     /lib/i386-linux-gnu/libc-2.15.so
b76f8000-b76f9000 rwxp 001a5000 08:01 262246     /lib/i386-linux-gnu/libc-2.15.so
b76f9000-b76fc000 rwxp 00000000 00:00 0 
b76fc000-b76ff000 r-xp 00000000 08:01 262252     /lib/i386-linux-gnu/libdl-2.15.so
b76ff000-b7700000 r-xp 00002000 08:01 262252     /lib/i386-linux-gnu/libdl-2.15.so
b7700000-b7701000 rwxp 00003000 08:01 262252     /lib/i386-linux-gnu/libdl-2.15.so
b7701000-b7702000 rwxp 00000000 00:00 0 
b7702000-b7719000 r-xp 00000000 08:01 262259     /lib/i386-linux-gnu/libpthread-2.15.so
b7719000-b771a000 r-xp 00016000 08:01 262259     /lib/i386-linux-gnu/libpthread-2.15.so
b771a000-b771b000 rwxp 00017000 08:01 262259     /lib/i386-linux-gnu/libpthread-2.15.so
b771b000-b771d000 rwxp 00000000 00:00 0 
b7721000-b7729000 rwxs 00000000 08:01 7340147    /tmp/hsperfdata_root/30085
b7729000-b772f000 r-xp 00000000 08:01 28577455   /opt/jdk1.5.0_20/jre/lib/i386/native_threads/libhpi.so
b772f000-b7730000 rwxp 00006000 08:01 28577455   /opt/jdk1.5.0_20/jre/lib/i386/native_threads/libhpi.so
b7730000-b7731000 rwxp 00000000 00:00 0 
b7731000-b7732000 r-xp 00000000 00:00 0 
b7732000-b7734000 rwxp 00000000 00:00 0 
b7734000-b7735000 r-xp 00000000 00:00 0          [vdso]
b7735000-b7755000 r-xp 00000000 08:01 265948     /lib/i386-linux-gnu/ld-2.15.so
b7755000-b7756000 r-xp 0001f000 08:01 265948     /lib/i386-linux-gnu/ld-2.15.so
b7756000-b7757000 rwxp 00020000 08:01 265948     /lib/i386-linux-gnu/ld-2.15.so
bfd98000-bfd9b000 ---p 00000000 00:00 0 
bfd9c000-bff98000 rwxp 00000000 00:00 0          [stack]

VM Arguments:
jvm_args: -Dfile.encoding=ISO-8859-1 -Xbootclasspath:/home/wagner/dev/ide/adt-bundle-linux-x86-20130729/sdk/platforms/android-10/android.jar
java_command: br.com.wjaa.smstransfer.js.service.JsBuilder
Launcher Type: SUN_STANDARD

Environment Variables:
JAVA_HOME=/opt/jdk1.7.0_25
PATH=/opt/apache-ant-1.8.4/bin:/opt/apache-maven/apache-maven-3.0.4/bin:/opt/jdk1.7.0_25/bin:/usr/lib/lightdm/lightdm:/usr/local/sbin:/usr/local/bin:/usr/sbin:/usr/bin:/sbin:/bin:/usr/games:/usr/local/games
USERNAME=root
LD_LIBRARY_PATH=/opt/jdk1.5.0_20/jre/lib/i386/server:/opt/jdk1.5.0_20/jre/lib/i386:/opt/jdk1.5.0_20/jre/../lib/i386:/opt/jdk1.7.0_25/jre/lib/i386/client:/opt/jdk1.7.0_25/jre/lib/i386:
SHELL=/bin/bash
DISPLAY=:0.0

Signal Handlers:
SIGSEGV: [libjvm.so+0x517270], sa_mask[0]=0x7ffbfeff, sa_flags=0x10000004
SIGBUS: [libjvm.so+0x517270], sa_mask[0]=0x7ffbfeff, sa_flags=0x10000004
SIGFPE: [libjvm.so+0x43a0a0], sa_mask[0]=0x7ffbfeff, sa_flags=0x10000004
SIGPIPE: [libjvm.so+0x43a0a0], sa_mask[0]=0x7ffbfeff, sa_flags=0x10000004
SIGILL: [libjvm.so+0x43a0a0], sa_mask[0]=0x7ffbfeff, sa_flags=0x10000004
SIGUSR1: SIG_DFL, sa_mask[0]=0x00000000, sa_flags=0x00000000
SIGUSR2: [libjvm.so+0x43c4f0], sa_mask[0]=0x00000004, sa_flags=0x10000004
SIGHUP: SIG_DFL, sa_mask[0]=0x00000000, sa_flags=0x00000000
SIGINT: SIG_DFL, sa_mask[0]=0x00000000, sa_flags=0x00000000
SIGQUIT: SIG_DFL, sa_mask[0]=0x00000000, sa_flags=0x00000000
SIGTERM: SIG_DFL, sa_mask[0]=0x00000000, sa_flags=0x00000000


---------------  S Y S T E M  ---------------

OS:wheezy/sid

uname:Linux 3.5.0-39-generic #60-Ubuntu SMP Tue Aug 13 18:35:04 UTC 2013 i686
libc:glibc 2.15 NPTL 2.15 
rlimit: STACK 8192k, CORE 0k, NPROC 64294, NOFILE 4096, AS infinity
load average:0.37 0.56 0.56

CPU:total 4 (cores per cpu 8, threads per core 2) family 6 model 10 stepping 7, cmov, cx8, fxsr, mmx, sse, sse2, ht

Memory: 4k page, physical 8245336k(235392k free), swap 2036k(1960k free)

vm_info: Java HotSpot(TM) Server VM (1.5.0_20-b02) for linux-x86, built on Jun 18 2009 12:08:29 by java_re with gcc 3.2.1-7a (J2SE release)

time: Wed Aug 28 16:13:51 2013
elapsed time: 0 seconds

